<?xml version="1.0" encoding="UTF-8"?>
<!-- Generated by org.testng.reporters.JUnitReportReporter -->
<testsuite hostname="DESKTOP-8SSG3VF" failures="0" tests="1" name="LoginTest" time="0.312" errors="0" timestamp="2025-07-02T10:59:55 IST" skipped="0">
  <testcase classname="LoginTest" name="testLoginWithValidCredentials" time="0.312"/>
</testsuite> <!-- LoginTest -->
