<?xml version="1.0" encoding="UTF-8"?>
<!-- Generated by org.testng.reporters.JUnitReportReporter -->
<testsuite hostname="DESKTOP-8SSG3VF" failures="0" tests="1" name="tests.AddToCartTest" time="2.543" errors="0" timestamp="2025-07-02T13:18:46 IST" skipped="0">
  <testcase classname="tests.AddToCartTest" name="testAddItemToCart" time="2.543"/>
</testsuite> <!-- tests.AddToCartTest -->
